{"__type":"$$EventMessageAudit","id":"7b841523-3803-4dd7-b3e1-19a53e4c7d2b","ts":"2025-07-13T18:18:08.263+00:00","eventName":"n8n.audit.workflow.created","message":"n8n.audit.workflow.created","payload":{"userId":"c4312daa-f4a7-4932-845a-a978be5077bb","_email":"thaissa.erran@gmail.com","_firstName":"Thaíssa","_lastName":"Erran","globalRole":"global:owner","workflowId":"eQaw5BNk0txjzRHH","workflowName":"My workflow"}}
{"__type":"$$EventMessageConfirm","confirm":"7b841523-3803-4dd7-b3e1-19a53e4c7d2b","ts":"2025-07-13T18:18:08.264+00:00","source":{"id":"0","name":"eventBus"}}
{"__type":"$$EventMessageWorkflow","id":"0e100c4c-8c69-4d4f-996f-3b675c9758e1","ts":"2025-07-13T18:18:09.921+00:00","eventName":"n8n.workflow.started","message":"n8n.workflow.started","payload":{"executionId":"1","workflowId":"eQaw5BNk0txjzRHH","isManual":false,"workflowName":"My workflow"}}
{"__type":"$$EventMessageConfirm","confirm":"0e100c4c-8c69-4d4f-996f-3b675c9758e1","ts":"2025-07-13T18:18:09.922+00:00","source":{"id":"0","name":"eventBus"}}
{"__type":"$$EventMessageNode","id":"8276448f-ba00-476b-a033-f0be0b7551ae","ts":"2025-07-13T18:18:09.926+00:00","eventName":"n8n.node.started","message":"n8n.node.started","payload":{"workflowId":"eQaw5BNk0txjzRHH","workflowName":"My workflow","executionId":"1","nodeType":"n8n-nodes-base.manualTrigger","nodeName":"When clicking ‘Execute workflow’","nodeId":"fb55cf8e-ac09-4338-a152-0d135495ee4f"}}
{"__type":"$$EventMessageConfirm","confirm":"8276448f-ba00-476b-a033-f0be0b7551ae","ts":"2025-07-13T18:18:09.926+00:00","source":{"id":"0","name":"eventBus"}}
{"__type":"$$EventMessageNode","id":"c26727af-f744-467d-b85a-ee3affa57f1f","ts":"2025-07-13T18:18:09.931+00:00","eventName":"n8n.node.finished","message":"n8n.node.finished","payload":{"workflowId":"eQaw5BNk0txjzRHH","workflowName":"My workflow","executionId":"1","nodeType":"n8n-nodes-base.manualTrigger","nodeName":"When clicking ‘Execute workflow’","nodeId":"fb55cf8e-ac09-4338-a152-0d135495ee4f"}}
{"__type":"$$EventMessageConfirm","confirm":"c26727af-f744-467d-b85a-ee3affa57f1f","ts":"2025-07-13T18:18:09.932+00:00","source":{"id":"0","name":"eventBus"}}
{"__type":"$$EventMessageNode","id":"4beb1f78-672e-4fe5-8bf5-829ca826760a","ts":"2025-07-13T18:18:09.932+00:00","eventName":"n8n.node.started","message":"n8n.node.started","payload":{"workflowId":"eQaw5BNk0txjzRHH","workflowName":"My workflow","executionId":"1","nodeType":"n8n-nodes-base.httpRequest","nodeName":"HTTP Request","nodeId":"8f5d622f-a8f4-44a1-a79a-4228aeb4ce16"}}
{"__type":"$$EventMessageConfirm","confirm":"4beb1f78-672e-4fe5-8bf5-829ca826760a","ts":"2025-07-13T18:18:09.932+00:00","source":{"id":"0","name":"eventBus"}}
{"__type":"$$EventMessageNode","id":"6b13be06-2191-4983-ab2b-eb7ff4e4e5f3","ts":"2025-07-13T18:18:10.184+00:00","eventName":"n8n.node.finished","message":"n8n.node.finished","payload":{"workflowId":"eQaw5BNk0txjzRHH","workflowName":"My workflow","executionId":"1","nodeType":"n8n-nodes-base.httpRequest","nodeName":"HTTP Request","nodeId":"8f5d622f-a8f4-44a1-a79a-4228aeb4ce16"}}
{"__type":"$$EventMessageConfirm","confirm":"6b13be06-2191-4983-ab2b-eb7ff4e4e5f3","ts":"2025-07-13T18:18:10.184+00:00","source":{"id":"0","name":"eventBus"}}
{"__type":"$$EventMessageWorkflow","id":"bfd5617b-d345-4276-b3cb-8efe4fc5a246","ts":"2025-07-13T18:18:10.188+00:00","eventName":"n8n.workflow.success","message":"n8n.workflow.success","payload":{"userId":"c4312daa-f4a7-4932-845a-a978be5077bb","executionId":"1","success":true,"isManual":true,"workflowId":"eQaw5BNk0txjzRHH","workflowName":"My workflow"}}
{"__type":"$$EventMessageConfirm","confirm":"bfd5617b-d345-4276-b3cb-8efe4fc5a246","ts":"2025-07-13T18:18:10.188+00:00","source":{"id":"0","name":"eventBus"}}
{"__type":"$$EventMessageWorkflow","id":"b63b7da7-3d14-4509-8359-81d3ddf267bb","ts":"2025-07-13T18:19:11.965+00:00","eventName":"n8n.workflow.started","message":"n8n.workflow.started","payload":{"executionId":"2","workflowId":"eQaw5BNk0txjzRHH","isManual":false,"workflowName":"My workflow"}}
{"__type":"$$EventMessageConfirm","confirm":"b63b7da7-3d14-4509-8359-81d3ddf267bb","ts":"2025-07-13T18:19:11.965+00:00","source":{"id":"0","name":"eventBus"}}
{"__type":"$$EventMessageNode","id":"5afcfbfa-9fd1-4329-b72d-00c53f732ffe","ts":"2025-07-13T18:19:11.966+00:00","eventName":"n8n.node.started","message":"n8n.node.started","payload":{"workflowId":"eQaw5BNk0txjzRHH","workflowName":"My workflow","executionId":"2","nodeType":"n8n-nodes-base.httpRequest","nodeName":"HTTP Request","nodeId":"8f5d622f-a8f4-44a1-a79a-4228aeb4ce16"}}
{"__type":"$$EventMessageConfirm","confirm":"5afcfbfa-9fd1-4329-b72d-00c53f732ffe","ts":"2025-07-13T18:19:11.966+00:00","source":{"id":"0","name":"eventBus"}}
{"__type":"$$EventMessageNode","id":"f9f067a6-ec19-4055-8ee6-185f3851ad34","ts":"2025-07-13T18:19:12.188+00:00","eventName":"n8n.node.finished","message":"n8n.node.finished","payload":{"workflowId":"eQaw5BNk0txjzRHH","workflowName":"My workflow","executionId":"2","nodeType":"n8n-nodes-base.httpRequest","nodeName":"HTTP Request","nodeId":"8f5d622f-a8f4-44a1-a79a-4228aeb4ce16"}}
{"__type":"$$EventMessageConfirm","confirm":"f9f067a6-ec19-4055-8ee6-185f3851ad34","ts":"2025-07-13T18:19:12.188+00:00","source":{"id":"0","name":"eventBus"}}
{"__type":"$$EventMessageWorkflow","id":"575c6218-46c0-4db7-85fc-cdb64e816876","ts":"2025-07-13T18:19:12.189+00:00","eventName":"n8n.workflow.success","message":"n8n.workflow.success","payload":{"userId":"c4312daa-f4a7-4932-845a-a978be5077bb","executionId":"2","success":true,"isManual":true,"workflowId":"eQaw5BNk0txjzRHH","workflowName":"My workflow"}}
{"__type":"$$EventMessageConfirm","confirm":"575c6218-46c0-4db7-85fc-cdb64e816876","ts":"2025-07-13T18:19:12.189+00:00","source":{"id":"0","name":"eventBus"}}
{"__type":"$$EventMessageWorkflow","id":"e5d4d2ac-2789-4b27-a27b-8e03f57892ef","ts":"2025-07-13T18:31:25.612+00:00","eventName":"n8n.workflow.started","message":"n8n.workflow.started","payload":{"executionId":"3","workflowId":"eQaw5BNk0txjzRHH","isManual":false,"workflowName":"My workflow"}}
{"__type":"$$EventMessageConfirm","confirm":"e5d4d2ac-2789-4b27-a27b-8e03f57892ef","ts":"2025-07-13T18:31:25.613+00:00","source":{"id":"0","name":"eventBus"}}
{"__type":"$$EventMessageNode","id":"81bbabf8-ada1-4ec8-aff0-730d6e49eeaa","ts":"2025-07-13T18:31:25.614+00:00","eventName":"n8n.node.started","message":"n8n.node.started","payload":{"workflowId":"eQaw5BNk0txjzRHH","workflowName":"My workflow","executionId":"3","nodeType":"n8n-nodes-base.httpRequest","nodeName":"HTTP Request","nodeId":"8f5d622f-a8f4-44a1-a79a-4228aeb4ce16"}}
{"__type":"$$EventMessageConfirm","confirm":"81bbabf8-ada1-4ec8-aff0-730d6e49eeaa","ts":"2025-07-13T18:31:25.614+00:00","source":{"id":"0","name":"eventBus"}}
{"__type":"$$EventMessageNode","id":"6835af0d-2275-4859-93bd-d51a6e24e017","ts":"2025-07-13T18:31:25.850+00:00","eventName":"n8n.node.finished","message":"n8n.node.finished","payload":{"workflowId":"eQaw5BNk0txjzRHH","workflowName":"My workflow","executionId":"3","nodeType":"n8n-nodes-base.httpRequest","nodeName":"HTTP Request","nodeId":"8f5d622f-a8f4-44a1-a79a-4228aeb4ce16"}}
{"__type":"$$EventMessageConfirm","confirm":"6835af0d-2275-4859-93bd-d51a6e24e017","ts":"2025-07-13T18:31:25.850+00:00","source":{"id":"0","name":"eventBus"}}
{"__type":"$$EventMessageNode","id":"6a40bce8-8def-4220-8290-ca7ef98432df","ts":"2025-07-13T18:31:25.851+00:00","eventName":"n8n.node.started","message":"n8n.node.started","payload":{"workflowId":"eQaw5BNk0txjzRHH","workflowName":"My workflow","executionId":"3","nodeType":"n8n-nodes-base.code","nodeName":"Code","nodeId":"e595a0f5-2883-4426-8ed8-743fa254058a"}}
{"__type":"$$EventMessageConfirm","confirm":"6a40bce8-8def-4220-8290-ca7ef98432df","ts":"2025-07-13T18:31:25.851+00:00","source":{"id":"0","name":"eventBus"}}
{"__type":"$$EventMessageNode","id":"63cf1f23-3353-46a5-a545-8ac9d175aabb","ts":"2025-07-13T14:31:28.211-04:00","eventName":"n8n.node.finished","message":"n8n.node.finished","payload":{"workflowId":"eQaw5BNk0txjzRHH","workflowName":"My workflow","executionId":"3","nodeType":"n8n-nodes-base.code","nodeName":"Code","nodeId":"e595a0f5-2883-4426-8ed8-743fa254058a"}}
{"__type":"$$EventMessageConfirm","confirm":"63cf1f23-3353-46a5-a545-8ac9d175aabb","ts":"2025-07-13T14:31:28.211-04:00","source":{"id":"0","name":"eventBus"}}
{"__type":"$$EventMessageWorkflow","id":"2d7cf3d2-a507-47e3-86ca-9cb7fe1ff6fe","ts":"2025-07-13T14:31:28.218-04:00","eventName":"n8n.workflow.failed","message":"n8n.workflow.failed","payload":{"userId":"c4312daa-f4a7-4932-845a-a978be5077bb","executionId":"3","success":false,"isManual":true,"workflowId":"eQaw5BNk0txjzRHH","workflowName":"My workflow","lastNodeExecuted":"Code","errorNodeType":"n8n-nodes-base.code","errorMessage":"SyntaxError: invalid syntax\n"}}
{"__type":"$$EventMessageConfirm","confirm":"2d7cf3d2-a507-47e3-86ca-9cb7fe1ff6fe","ts":"2025-07-13T14:31:28.218-04:00","source":{"id":"0","name":"eventBus"}}
{"__type":"$$EventMessageWorkflow","id":"60f90517-8d21-4d71-9aeb-197467a42059","ts":"2025-07-13T14:33:03.883-04:00","eventName":"n8n.workflow.started","message":"n8n.workflow.started","payload":{"executionId":"4","workflowId":"eQaw5BNk0txjzRHH","isManual":false,"workflowName":"My workflow"}}
{"__type":"$$EventMessageConfirm","confirm":"60f90517-8d21-4d71-9aeb-197467a42059","ts":"2025-07-13T14:33:03.883-04:00","source":{"id":"0","name":"eventBus"}}
{"__type":"$$EventMessageNode","id":"a9ae6f52-d2e5-46c9-9a68-e3ca1eb062cb","ts":"2025-07-13T14:33:03.885-04:00","eventName":"n8n.node.started","message":"n8n.node.started","payload":{"workflowId":"eQaw5BNk0txjzRHH","workflowName":"My workflow","executionId":"4","nodeType":"n8n-nodes-base.code","nodeName":"Code","nodeId":"e595a0f5-2883-4426-8ed8-743fa254058a"}}
{"__type":"$$EventMessageConfirm","confirm":"a9ae6f52-d2e5-46c9-9a68-e3ca1eb062cb","ts":"2025-07-13T14:33:03.885-04:00","source":{"id":"0","name":"eventBus"}}
{"__type":"$$EventMessageNode","id":"d04e2f15-2d40-49f1-bb7c-d0d7716a04f8","ts":"2025-07-13T14:33:03.922-04:00","eventName":"n8n.node.finished","message":"n8n.node.finished","payload":{"workflowId":"eQaw5BNk0txjzRHH","workflowName":"My workflow","executionId":"4","nodeType":"n8n-nodes-base.code","nodeName":"Code","nodeId":"e595a0f5-2883-4426-8ed8-743fa254058a"}}
{"__type":"$$EventMessageConfirm","confirm":"d04e2f15-2d40-49f1-bb7c-d0d7716a04f8","ts":"2025-07-13T14:33:03.923-04:00","source":{"id":"0","name":"eventBus"}}
{"__type":"$$EventMessageWorkflow","id":"67d95242-dedc-40dd-ba96-2cf22327e288","ts":"2025-07-13T14:33:03.925-04:00","eventName":"n8n.workflow.failed","message":"n8n.workflow.failed","payload":{"userId":"c4312daa-f4a7-4932-845a-a978be5077bb","executionId":"4","success":false,"isManual":true,"workflowId":"eQaw5BNk0txjzRHH","workflowName":"My workflow","lastNodeExecuted":"Code","errorNodeType":"n8n-nodes-base.code","errorMessage":"Cannot read properties of undefined (reading 'trim') [line 2]"}}
{"__type":"$$EventMessageConfirm","confirm":"67d95242-dedc-40dd-ba96-2cf22327e288","ts":"2025-07-13T14:33:03.925-04:00","source":{"id":"0","name":"eventBus"}}
{"__type":"$$EventMessageWorkflow","id":"aa3e0889-6d99-4ab5-9859-87886e4f249a","ts":"2025-07-13T14:36:45.969-04:00","eventName":"n8n.workflow.started","message":"n8n.workflow.started","payload":{"executionId":"5","workflowId":"eQaw5BNk0txjzRHH","isManual":false,"workflowName":"My workflow"}}
{"__type":"$$EventMessageConfirm","confirm":"aa3e0889-6d99-4ab5-9859-87886e4f249a","ts":"2025-07-13T14:36:45.970-04:00","source":{"id":"0","name":"eventBus"}}
{"__type":"$$EventMessageNode","id":"3b5bce30-2711-4f30-9b20-25e578b85620","ts":"2025-07-13T14:36:45.971-04:00","eventName":"n8n.node.started","message":"n8n.node.started","payload":{"workflowId":"eQaw5BNk0txjzRHH","workflowName":"My workflow","executionId":"5","nodeType":"n8n-nodes-base.code","nodeName":"Code","nodeId":"e595a0f5-2883-4426-8ed8-743fa254058a"}}
{"__type":"$$EventMessageConfirm","confirm":"3b5bce30-2711-4f30-9b20-25e578b85620","ts":"2025-07-13T14:36:45.971-04:00","source":{"id":"0","name":"eventBus"}}
{"__type":"$$EventMessageNode","id":"1e249dc0-2f72-4cf4-8fab-fa6b28ad5729","ts":"2025-07-13T14:36:45.981-04:00","eventName":"n8n.node.finished","message":"n8n.node.finished","payload":{"workflowId":"eQaw5BNk0txjzRHH","workflowName":"My workflow","executionId":"5","nodeType":"n8n-nodes-base.code","nodeName":"Code","nodeId":"e595a0f5-2883-4426-8ed8-743fa254058a"}}
{"__type":"$$EventMessageConfirm","confirm":"1e249dc0-2f72-4cf4-8fab-fa6b28ad5729","ts":"2025-07-13T14:36:45.981-04:00","source":{"id":"0","name":"eventBus"}}
{"__type":"$$EventMessageWorkflow","id":"727518d9-7194-49dc-a6bf-78ec1f6f20aa","ts":"2025-07-13T14:36:45.983-04:00","eventName":"n8n.workflow.failed","message":"n8n.workflow.failed","payload":{"userId":"c4312daa-f4a7-4932-845a-a978be5077bb","executionId":"5","success":false,"isManual":true,"workflowId":"eQaw5BNk0txjzRHH","workflowName":"My workflow","lastNodeExecuted":"Code","errorNodeType":"n8n-nodes-base.code","errorMessage":"Cannot read properties of undefined (reading 'trim') [line 3]"}}
{"__type":"$$EventMessageConfirm","confirm":"727518d9-7194-49dc-a6bf-78ec1f6f20aa","ts":"2025-07-13T14:36:45.983-04:00","source":{"id":"0","name":"eventBus"}}
{"__type":"$$EventMessageWorkflow","id":"34a6d5d4-1605-466e-a74a-c323cd2b406c","ts":"2025-07-13T14:39:30.873-04:00","eventName":"n8n.workflow.started","message":"n8n.workflow.started","payload":{"executionId":"6","workflowId":"eQaw5BNk0txjzRHH","isManual":false,"workflowName":"My workflow"}}
{"__type":"$$EventMessageConfirm","confirm":"34a6d5d4-1605-466e-a74a-c323cd2b406c","ts":"2025-07-13T14:39:30.873-04:00","source":{"id":"0","name":"eventBus"}}
{"__type":"$$EventMessageNode","id":"982fbb84-f5ed-473e-b722-615da9983b84","ts":"2025-07-13T14:39:30.874-04:00","eventName":"n8n.node.started","message":"n8n.node.started","payload":{"workflowId":"eQaw5BNk0txjzRHH","workflowName":"My workflow","executionId":"6","nodeType":"n8n-nodes-base.code","nodeName":"Code","nodeId":"e595a0f5-2883-4426-8ed8-743fa254058a"}}
{"__type":"$$EventMessageConfirm","confirm":"982fbb84-f5ed-473e-b722-615da9983b84","ts":"2025-07-13T14:39:30.874-04:00","source":{"id":"0","name":"eventBus"}}
{"__type":"$$EventMessageNode","id":"f83b8073-9880-4106-a684-e49e94b7d1cd","ts":"2025-07-13T14:39:30.886-04:00","eventName":"n8n.node.finished","message":"n8n.node.finished","payload":{"workflowId":"eQaw5BNk0txjzRHH","workflowName":"My workflow","executionId":"6","nodeType":"n8n-nodes-base.code","nodeName":"Code","nodeId":"e595a0f5-2883-4426-8ed8-743fa254058a"}}
{"__type":"$$EventMessageConfirm","confirm":"f83b8073-9880-4106-a684-e49e94b7d1cd","ts":"2025-07-13T14:39:30.887-04:00","source":{"id":"0","name":"eventBus"}}
{"__type":"$$EventMessageWorkflow","id":"e4880111-19ce-4241-b14e-6fe779837795","ts":"2025-07-13T14:39:30.889-04:00","eventName":"n8n.workflow.failed","message":"n8n.workflow.failed","payload":{"userId":"c4312daa-f4a7-4932-845a-a978be5077bb","executionId":"6","success":false,"isManual":true,"workflowId":"eQaw5BNk0txjzRHH","workflowName":"My workflow","lastNodeExecuted":"Code","errorNodeType":"n8n-nodes-base.code","errorMessage":"Cannot read properties of undefined (reading 'trim') [line 4]"}}
{"__type":"$$EventMessageConfirm","confirm":"e4880111-19ce-4241-b14e-6fe779837795","ts":"2025-07-13T14:39:30.890-04:00","source":{"id":"0","name":"eventBus"}}
{"__type":"$$EventMessageWorkflow","id":"79984c25-1e49-4e18-84c1-1b533be18684","ts":"2025-07-13T14:40:14.370-04:00","eventName":"n8n.workflow.started","message":"n8n.workflow.started","payload":{"executionId":"7","workflowId":"eQaw5BNk0txjzRHH","isManual":false,"workflowName":"My workflow"}}
{"__type":"$$EventMessageConfirm","confirm":"79984c25-1e49-4e18-84c1-1b533be18684","ts":"2025-07-13T14:40:14.370-04:00","source":{"id":"0","name":"eventBus"}}
{"__type":"$$EventMessageNode","id":"68c3fbe1-7166-47b6-8802-f0be621ffee8","ts":"2025-07-13T14:40:14.371-04:00","eventName":"n8n.node.started","message":"n8n.node.started","payload":{"workflowId":"eQaw5BNk0txjzRHH","workflowName":"My workflow","executionId":"7","nodeType":"n8n-nodes-base.code","nodeName":"Code","nodeId":"e595a0f5-2883-4426-8ed8-743fa254058a"}}
{"__type":"$$EventMessageConfirm","confirm":"68c3fbe1-7166-47b6-8802-f0be621ffee8","ts":"2025-07-13T14:40:14.371-04:00","source":{"id":"0","name":"eventBus"}}
{"__type":"$$EventMessageNode","id":"1f1a6f13-eda0-4918-b090-be3996f63995","ts":"2025-07-13T14:40:14.385-04:00","eventName":"n8n.node.finished","message":"n8n.node.finished","payload":{"workflowId":"eQaw5BNk0txjzRHH","workflowName":"My workflow","executionId":"7","nodeType":"n8n-nodes-base.code","nodeName":"Code","nodeId":"e595a0f5-2883-4426-8ed8-743fa254058a"}}
{"__type":"$$EventMessageConfirm","confirm":"1f1a6f13-eda0-4918-b090-be3996f63995","ts":"2025-07-13T14:40:14.385-04:00","source":{"id":"0","name":"eventBus"}}
{"__type":"$$EventMessageWorkflow","id":"6be7237d-b7ba-45b6-a721-b7a24855d1cd","ts":"2025-07-13T14:40:14.387-04:00","eventName":"n8n.workflow.failed","message":"n8n.workflow.failed","payload":{"userId":"c4312daa-f4a7-4932-845a-a978be5077bb","executionId":"7","success":false,"isManual":true,"workflowId":"eQaw5BNk0txjzRHH","workflowName":"My workflow","lastNodeExecuted":"Code","errorNodeType":"n8n-nodes-base.code","errorMessage":"items is not defined [line 2, for item 0]"}}
{"__type":"$$EventMessageConfirm","confirm":"6be7237d-b7ba-45b6-a721-b7a24855d1cd","ts":"2025-07-13T14:40:14.387-04:00","source":{"id":"0","name":"eventBus"}}
{"__type":"$$EventMessageWorkflow","id":"b61658de-8ad3-4013-b5f7-aa3fc3f807a3","ts":"2025-07-13T14:40:33.252-04:00","eventName":"n8n.workflow.started","message":"n8n.workflow.started","payload":{"executionId":"8","workflowId":"eQaw5BNk0txjzRHH","isManual":false,"workflowName":"My workflow"}}
{"__type":"$$EventMessageConfirm","confirm":"b61658de-8ad3-4013-b5f7-aa3fc3f807a3","ts":"2025-07-13T14:40:33.253-04:00","source":{"id":"0","name":"eventBus"}}
{"__type":"$$EventMessageNode","id":"00d9ef24-7800-43ff-b8da-d16cd31a6dd4","ts":"2025-07-13T14:40:33.254-04:00","eventName":"n8n.node.started","message":"n8n.node.started","payload":{"workflowId":"eQaw5BNk0txjzRHH","workflowName":"My workflow","executionId":"8","nodeType":"n8n-nodes-base.code","nodeName":"Code","nodeId":"e595a0f5-2883-4426-8ed8-743fa254058a"}}
{"__type":"$$EventMessageConfirm","confirm":"00d9ef24-7800-43ff-b8da-d16cd31a6dd4","ts":"2025-07-13T14:40:33.254-04:00","source":{"id":"0","name":"eventBus"}}
{"__type":"$$EventMessageNode","id":"14fdfc78-0af4-47b7-afe5-e6fafbca9626","ts":"2025-07-13T14:40:33.269-04:00","eventName":"n8n.node.finished","message":"n8n.node.finished","payload":{"workflowId":"eQaw5BNk0txjzRHH","workflowName":"My workflow","executionId":"8","nodeType":"n8n-nodes-base.code","nodeName":"Code","nodeId":"e595a0f5-2883-4426-8ed8-743fa254058a"}}
{"__type":"$$EventMessageConfirm","confirm":"14fdfc78-0af4-47b7-afe5-e6fafbca9626","ts":"2025-07-13T14:40:33.269-04:00","source":{"id":"0","name":"eventBus"}}
{"__type":"$$EventMessageWorkflow","id":"f4a5fabd-edf1-4c6e-a241-54a4b7b409a7","ts":"2025-07-13T14:40:33.272-04:00","eventName":"n8n.workflow.failed","message":"n8n.workflow.failed","payload":{"userId":"c4312daa-f4a7-4932-845a-a978be5077bb","executionId":"8","success":false,"isManual":true,"workflowId":"eQaw5BNk0txjzRHH","workflowName":"My workflow","lastNodeExecuted":"Code","errorNodeType":"n8n-nodes-base.code","errorMessage":"Cannot read properties of undefined (reading 'trim') [line 3, for item 0]"}}
{"__type":"$$EventMessageConfirm","confirm":"f4a5fabd-edf1-4c6e-a241-54a4b7b409a7","ts":"2025-07-13T14:40:33.272-04:00","source":{"id":"0","name":"eventBus"}}
{"__type":"$$EventMessageWorkflow","id":"a77052be-115c-4e08-86e1-8fd4ba3fc5e9","ts":"2025-07-13T14:42:20.676-04:00","eventName":"n8n.workflow.started","message":"n8n.workflow.started","payload":{"executionId":"9","workflowId":"eQaw5BNk0txjzRHH","isManual":false,"workflowName":"My workflow"}}
{"__type":"$$EventMessageConfirm","confirm":"a77052be-115c-4e08-86e1-8fd4ba3fc5e9","ts":"2025-07-13T14:42:20.676-04:00","source":{"id":"0","name":"eventBus"}}
{"__type":"$$EventMessageNode","id":"c7175f94-539d-4eaf-97fa-07c079682e1d","ts":"2025-07-13T14:42:20.678-04:00","eventName":"n8n.node.started","message":"n8n.node.started","payload":{"workflowId":"eQaw5BNk0txjzRHH","workflowName":"My workflow","executionId":"9","nodeType":"n8n-nodes-base.code","nodeName":"Code","nodeId":"e595a0f5-2883-4426-8ed8-743fa254058a"}}
{"__type":"$$EventMessageConfirm","confirm":"c7175f94-539d-4eaf-97fa-07c079682e1d","ts":"2025-07-13T14:42:20.679-04:00","source":{"id":"0","name":"eventBus"}}
{"__type":"$$EventMessageNode","id":"fa78e4ed-68f9-428a-b4b8-81f1dd37407f","ts":"2025-07-13T14:42:20.692-04:00","eventName":"n8n.node.finished","message":"n8n.node.finished","payload":{"workflowId":"eQaw5BNk0txjzRHH","workflowName":"My workflow","executionId":"9","nodeType":"n8n-nodes-base.code","nodeName":"Code","nodeId":"e595a0f5-2883-4426-8ed8-743fa254058a"}}
{"__type":"$$EventMessageConfirm","confirm":"fa78e4ed-68f9-428a-b4b8-81f1dd37407f","ts":"2025-07-13T14:42:20.693-04:00","source":{"id":"0","name":"eventBus"}}
{"__type":"$$EventMessageWorkflow","id":"db451116-9a9f-43ba-b633-57344d148d54","ts":"2025-07-13T14:42:20.695-04:00","eventName":"n8n.workflow.failed","message":"n8n.workflow.failed","payload":{"userId":"c4312daa-f4a7-4932-845a-a978be5077bb","executionId":"9","success":false,"isManual":true,"workflowId":"eQaw5BNk0txjzRHH","workflowName":"My workflow","lastNodeExecuted":"Code","errorNodeType":"n8n-nodes-base.code","errorMessage":"O campo 'dados' está vazio ou não existe. [line 3, for item 0]"}}
{"__type":"$$EventMessageConfirm","confirm":"db451116-9a9f-43ba-b633-57344d148d54","ts":"2025-07-13T14:42:20.695-04:00","source":{"id":"0","name":"eventBus"}}
{"__type":"$$EventMessageWorkflow","id":"f7957b94-b560-426c-8409-08f25ea7874d","ts":"2025-07-13T14:47:45.559-04:00","eventName":"n8n.workflow.started","message":"n8n.workflow.started","payload":{"executionId":"10","workflowId":"eQaw5BNk0txjzRHH","isManual":false,"workflowName":"My workflow"}}
{"__type":"$$EventMessageConfirm","confirm":"f7957b94-b560-426c-8409-08f25ea7874d","ts":"2025-07-13T14:47:45.559-04:00","source":{"id":"0","name":"eventBus"}}
{"__type":"$$EventMessageNode","id":"4a7d785d-42b8-46b8-b1ff-d245b19462e3","ts":"2025-07-13T14:47:45.560-04:00","eventName":"n8n.node.started","message":"n8n.node.started","payload":{"workflowId":"eQaw5BNk0txjzRHH","workflowName":"My workflow","executionId":"10","nodeType":"n8n-nodes-base.httpRequest","nodeName":"HTTP Request","nodeId":"0904cd77-3ecc-4366-80b9-bd1a54cef7ad"}}
{"__type":"$$EventMessageConfirm","confirm":"4a7d785d-42b8-46b8-b1ff-d245b19462e3","ts":"2025-07-13T14:47:45.560-04:00","source":{"id":"0","name":"eventBus"}}
{"__type":"$$EventMessageNode","id":"35ae98fe-d8f6-40ab-8866-3228b2664a8f","ts":"2025-07-13T14:47:45.837-04:00","eventName":"n8n.node.finished","message":"n8n.node.finished","payload":{"workflowId":"eQaw5BNk0txjzRHH","workflowName":"My workflow","executionId":"10","nodeType":"n8n-nodes-base.httpRequest","nodeName":"HTTP Request","nodeId":"0904cd77-3ecc-4366-80b9-bd1a54cef7ad"}}
{"__type":"$$EventMessageConfirm","confirm":"35ae98fe-d8f6-40ab-8866-3228b2664a8f","ts":"2025-07-13T14:47:45.838-04:00","source":{"id":"0","name":"eventBus"}}
{"__type":"$$EventMessageWorkflow","id":"ada9481e-b768-4dde-86cc-cbc808ef1142","ts":"2025-07-13T14:47:45.841-04:00","eventName":"n8n.workflow.success","message":"n8n.workflow.success","payload":{"userId":"c4312daa-f4a7-4932-845a-a978be5077bb","executionId":"10","success":true,"isManual":true,"workflowId":"eQaw5BNk0txjzRHH","workflowName":"My workflow"}}
{"__type":"$$EventMessageConfirm","confirm":"ada9481e-b768-4dde-86cc-cbc808ef1142","ts":"2025-07-13T14:47:45.841-04:00","source":{"id":"0","name":"eventBus"}}
