{"__type":"$$EventMessageWorkflow","id":"c3f2618f-31b0-467a-bf3a-3c11f40d9612","ts":"2025-07-13T19:10:50.235+00:00","eventName":"n8n.workflow.started","message":"n8n.workflow.started","payload":{"executionId":"11","workflowId":"eQaw5BNk0txjzRHH","isManual":false,"workflowName":"My workflow"}}
{"__type":"$$EventMessageConfirm","confirm":"c3f2618f-31b0-467a-bf3a-3c11f40d9612","ts":"2025-07-13T19:10:50.236+00:00","source":{"id":"0","name":"eventBus"}}
{"__type":"$$EventMessageNode","id":"dd28bc7a-abf3-45b4-8327-dcdb5d3b32ad","ts":"2025-07-13T19:10:50.239+00:00","eventName":"n8n.node.started","message":"n8n.node.started","payload":{"workflowId":"eQaw5BNk0txjzRHH","workflowName":"My workflow","executionId":"11","nodeType":"n8n-nodes-base.code","nodeName":"Code","nodeId":"df93f0e4-062e-4395-8ac8-9478861d057a"}}
{"__type":"$$EventMessageConfirm","confirm":"dd28bc7a-abf3-45b4-8327-dcdb5d3b32ad","ts":"2025-07-13T19:10:50.239+00:00","source":{"id":"0","name":"eventBus"}}
{"__type":"$$EventMessageNode","id":"0dff1a62-2452-48d9-8dac-941cffeff407","ts":"2025-07-13T16:10:50.308-03:00","eventName":"n8n.node.finished","message":"n8n.node.finished","payload":{"workflowId":"eQaw5BNk0txjzRHH","workflowName":"My workflow","executionId":"11","nodeType":"n8n-nodes-base.code","nodeName":"Code","nodeId":"df93f0e4-062e-4395-8ac8-9478861d057a"}}
{"__type":"$$EventMessageConfirm","confirm":"0dff1a62-2452-48d9-8dac-941cffeff407","ts":"2025-07-13T16:10:50.308-03:00","source":{"id":"0","name":"eventBus"}}
{"__type":"$$EventMessageWorkflow","id":"4dcb4da0-e046-494c-87e9-2cd2f7ce955a","ts":"2025-07-13T16:10:50.310-03:00","eventName":"n8n.workflow.failed","message":"n8n.workflow.failed","payload":{"userId":"c4312daa-f4a7-4932-845a-a978be5077bb","executionId":"11","success":false,"isManual":true,"workflowId":"eQaw5BNk0txjzRHH","workflowName":"My workflow","lastNodeExecuted":"Code","errorNodeType":"n8n-nodes-base.code","errorMessage":"Cannot read properties of undefined (reading 'split') [line 2]"}}
{"__type":"$$EventMessageConfirm","confirm":"4dcb4da0-e046-494c-87e9-2cd2f7ce955a","ts":"2025-07-13T16:10:50.310-03:00","source":{"id":"0","name":"eventBus"}}
{"__type":"$$EventMessageWorkflow","id":"18f4c941-c01c-43f4-9d93-fce38326261b","ts":"2025-07-13T16:13:13.090-03:00","eventName":"n8n.workflow.started","message":"n8n.workflow.started","payload":{"executionId":"12","workflowId":"eQaw5BNk0txjzRHH","isManual":false,"workflowName":"My workflow"}}
{"__type":"$$EventMessageConfirm","confirm":"18f4c941-c01c-43f4-9d93-fce38326261b","ts":"2025-07-13T16:13:13.091-03:00","source":{"id":"0","name":"eventBus"}}
{"__type":"$$EventMessageNode","id":"71646568-5119-4179-af2f-9490eb18922e","ts":"2025-07-13T16:13:13.092-03:00","eventName":"n8n.node.started","message":"n8n.node.started","payload":{"workflowId":"eQaw5BNk0txjzRHH","workflowName":"My workflow","executionId":"12","nodeType":"n8n-nodes-base.manualTrigger","nodeName":"When clicking ‘Execute workflow’","nodeId":"fb55cf8e-ac09-4338-a152-0d135495ee4f"}}
{"__type":"$$EventMessageConfirm","confirm":"71646568-5119-4179-af2f-9490eb18922e","ts":"2025-07-13T16:13:13.092-03:00","source":{"id":"0","name":"eventBus"}}
{"__type":"$$EventMessageNode","id":"8f1873df-b2e7-4e79-9ad1-466c9fe66f0b","ts":"2025-07-13T16:13:13.096-03:00","eventName":"n8n.node.finished","message":"n8n.node.finished","payload":{"workflowId":"eQaw5BNk0txjzRHH","workflowName":"My workflow","executionId":"12","nodeType":"n8n-nodes-base.manualTrigger","nodeName":"When clicking ‘Execute workflow’","nodeId":"fb55cf8e-ac09-4338-a152-0d135495ee4f"}}
{"__type":"$$EventMessageConfirm","confirm":"8f1873df-b2e7-4e79-9ad1-466c9fe66f0b","ts":"2025-07-13T16:13:13.097-03:00","source":{"id":"0","name":"eventBus"}}
{"__type":"$$EventMessageNode","id":"355f332f-c2c5-4077-9f02-a05cec1c9d95","ts":"2025-07-13T16:13:13.098-03:00","eventName":"n8n.node.started","message":"n8n.node.started","payload":{"workflowId":"eQaw5BNk0txjzRHH","workflowName":"My workflow","executionId":"12","nodeType":"n8n-nodes-base.httpRequest","nodeName":"HTTP Request","nodeId":"8f5d622f-a8f4-44a1-a79a-4228aeb4ce16"}}
{"__type":"$$EventMessageConfirm","confirm":"355f332f-c2c5-4077-9f02-a05cec1c9d95","ts":"2025-07-13T16:13:13.098-03:00","source":{"id":"0","name":"eventBus"}}
{"__type":"$$EventMessageNode","id":"577b0e83-f8ff-4588-b9a3-22c2f780cd95","ts":"2025-07-13T16:13:13.564-03:00","eventName":"n8n.node.finished","message":"n8n.node.finished","payload":{"workflowId":"eQaw5BNk0txjzRHH","workflowName":"My workflow","executionId":"12","nodeType":"n8n-nodes-base.httpRequest","nodeName":"HTTP Request","nodeId":"8f5d622f-a8f4-44a1-a79a-4228aeb4ce16"}}
{"__type":"$$EventMessageConfirm","confirm":"577b0e83-f8ff-4588-b9a3-22c2f780cd95","ts":"2025-07-13T16:13:13.564-03:00","source":{"id":"0","name":"eventBus"}}
{"__type":"$$EventMessageWorkflow","id":"34aac40a-deaa-45be-bb45-dc91dde51811","ts":"2025-07-13T16:13:13.566-03:00","eventName":"n8n.workflow.failed","message":"n8n.workflow.failed","payload":{"userId":"c4312daa-f4a7-4932-845a-a978be5077bb","executionId":"12","success":false,"isManual":true,"workflowId":"eQaw5BNk0txjzRHH","workflowName":"My workflow","lastNodeExecuted":"HTTP Request","errorNodeType":"n8n-nodes-base.httpRequest","errorMessage":"Response body is not valid JSON. Change \"Response Format\" to \"Text\""}}
{"__type":"$$EventMessageConfirm","confirm":"34aac40a-deaa-45be-bb45-dc91dde51811","ts":"2025-07-13T16:13:13.568-03:00","source":{"id":"0","name":"eventBus"}}
{"__type":"$$EventMessageWorkflow","id":"b07d4621-86d6-4f47-b41b-259f8dedfa8a","ts":"2025-07-13T16:13:25.616-03:00","eventName":"n8n.workflow.started","message":"n8n.workflow.started","payload":{"executionId":"13","workflowId":"eQaw5BNk0txjzRHH","isManual":false,"workflowName":"My workflow"}}
{"__type":"$$EventMessageConfirm","confirm":"b07d4621-86d6-4f47-b41b-259f8dedfa8a","ts":"2025-07-13T16:13:25.616-03:00","source":{"id":"0","name":"eventBus"}}
{"__type":"$$EventMessageNode","id":"b79b199c-cb00-483c-a254-33a4a6c4ee86","ts":"2025-07-13T16:13:25.616-03:00","eventName":"n8n.node.started","message":"n8n.node.started","payload":{"workflowId":"eQaw5BNk0txjzRHH","workflowName":"My workflow","executionId":"13","nodeType":"n8n-nodes-base.httpRequest","nodeName":"HTTP Request","nodeId":"8f5d622f-a8f4-44a1-a79a-4228aeb4ce16"}}
{"__type":"$$EventMessageConfirm","confirm":"b79b199c-cb00-483c-a254-33a4a6c4ee86","ts":"2025-07-13T16:13:25.617-03:00","source":{"id":"0","name":"eventBus"}}
{"__type":"$$EventMessageNode","id":"d6cca56e-c95f-41dd-86c6-8d5e1f5b7dac","ts":"2025-07-13T16:13:25.711-03:00","eventName":"n8n.node.finished","message":"n8n.node.finished","payload":{"workflowId":"eQaw5BNk0txjzRHH","workflowName":"My workflow","executionId":"13","nodeType":"n8n-nodes-base.httpRequest","nodeName":"HTTP Request","nodeId":"8f5d622f-a8f4-44a1-a79a-4228aeb4ce16"}}
{"__type":"$$EventMessageConfirm","confirm":"d6cca56e-c95f-41dd-86c6-8d5e1f5b7dac","ts":"2025-07-13T16:13:25.712-03:00","source":{"id":"0","name":"eventBus"}}
{"__type":"$$EventMessageWorkflow","id":"4c648d2f-2760-4e81-b29f-e23a075eeeaf","ts":"2025-07-13T16:13:25.712-03:00","eventName":"n8n.workflow.success","message":"n8n.workflow.success","payload":{"userId":"c4312daa-f4a7-4932-845a-a978be5077bb","executionId":"13","success":true,"isManual":true,"workflowId":"eQaw5BNk0txjzRHH","workflowName":"My workflow"}}
{"__type":"$$EventMessageConfirm","confirm":"4c648d2f-2760-4e81-b29f-e23a075eeeaf","ts":"2025-07-13T16:13:25.713-03:00","source":{"id":"0","name":"eventBus"}}
{"__type":"$$EventMessageWorkflow","id":"86c1f31a-5964-4abd-8b35-8f7f5a05a165","ts":"2025-07-13T16:17:38.229-03:00","eventName":"n8n.workflow.started","message":"n8n.workflow.started","payload":{"executionId":"14","workflowId":"eQaw5BNk0txjzRHH","isManual":false,"workflowName":"My workflow"}}
{"__type":"$$EventMessageConfirm","confirm":"86c1f31a-5964-4abd-8b35-8f7f5a05a165","ts":"2025-07-13T16:17:38.229-03:00","source":{"id":"0","name":"eventBus"}}
{"__type":"$$EventMessageNode","id":"8506e89d-8dfe-42dd-a948-2d968971d636","ts":"2025-07-13T16:17:38.230-03:00","eventName":"n8n.node.started","message":"n8n.node.started","payload":{"workflowId":"eQaw5BNk0txjzRHH","workflowName":"My workflow","executionId":"14","nodeType":"n8n-nodes-base.httpRequest","nodeName":"HTTP Request","nodeId":"8f5d622f-a8f4-44a1-a79a-4228aeb4ce16"}}
{"__type":"$$EventMessageConfirm","confirm":"8506e89d-8dfe-42dd-a948-2d968971d636","ts":"2025-07-13T16:17:38.230-03:00","source":{"id":"0","name":"eventBus"}}
{"__type":"$$EventMessageNode","id":"410205b9-1d3d-49e8-86d1-9a683b821d97","ts":"2025-07-13T16:17:38.328-03:00","eventName":"n8n.node.finished","message":"n8n.node.finished","payload":{"workflowId":"eQaw5BNk0txjzRHH","workflowName":"My workflow","executionId":"14","nodeType":"n8n-nodes-base.httpRequest","nodeName":"HTTP Request","nodeId":"8f5d622f-a8f4-44a1-a79a-4228aeb4ce16"}}
{"__type":"$$EventMessageConfirm","confirm":"410205b9-1d3d-49e8-86d1-9a683b821d97","ts":"2025-07-13T16:17:38.328-03:00","source":{"id":"0","name":"eventBus"}}
{"__type":"$$EventMessageWorkflow","id":"959b8e09-160e-44e8-997f-f565ebb47c04","ts":"2025-07-13T16:17:38.329-03:00","eventName":"n8n.workflow.success","message":"n8n.workflow.success","payload":{"userId":"c4312daa-f4a7-4932-845a-a978be5077bb","executionId":"14","success":true,"isManual":true,"workflowId":"eQaw5BNk0txjzRHH","workflowName":"My workflow"}}
{"__type":"$$EventMessageConfirm","confirm":"959b8e09-160e-44e8-997f-f565ebb47c04","ts":"2025-07-13T16:17:38.329-03:00","source":{"id":"0","name":"eventBus"}}
{"__type":"$$EventMessageWorkflow","id":"833b7b60-f5e8-4c62-b68a-a1b192cad1ac","ts":"2025-07-13T16:20:19.121-03:00","eventName":"n8n.workflow.started","message":"n8n.workflow.started","payload":{"executionId":"15","workflowId":"eQaw5BNk0txjzRHH","isManual":false,"workflowName":"My workflow"}}
{"__type":"$$EventMessageConfirm","confirm":"833b7b60-f5e8-4c62-b68a-a1b192cad1ac","ts":"2025-07-13T16:20:19.121-03:00","source":{"id":"0","name":"eventBus"}}
{"__type":"$$EventMessageNode","id":"f4bdca2f-8eab-4349-b005-07653afb7668","ts":"2025-07-13T16:20:19.122-03:00","eventName":"n8n.node.started","message":"n8n.node.started","payload":{"workflowId":"eQaw5BNk0txjzRHH","workflowName":"My workflow","executionId":"15","nodeType":"n8n-nodes-base.code","nodeName":"Code","nodeId":"df93f0e4-062e-4395-8ac8-9478861d057a"}}
{"__type":"$$EventMessageConfirm","confirm":"f4bdca2f-8eab-4349-b005-07653afb7668","ts":"2025-07-13T16:20:19.123-03:00","source":{"id":"0","name":"eventBus"}}
{"__type":"$$EventMessageNode","id":"5a6fa8fa-a004-4e2d-b56d-f4a9f3a02ec9","ts":"2025-07-13T16:20:19.134-03:00","eventName":"n8n.node.finished","message":"n8n.node.finished","payload":{"workflowId":"eQaw5BNk0txjzRHH","workflowName":"My workflow","executionId":"15","nodeType":"n8n-nodes-base.code","nodeName":"Code","nodeId":"df93f0e4-062e-4395-8ac8-9478861d057a"}}
{"__type":"$$EventMessageConfirm","confirm":"5a6fa8fa-a004-4e2d-b56d-f4a9f3a02ec9","ts":"2025-07-13T16:20:19.134-03:00","source":{"id":"0","name":"eventBus"}}
{"__type":"$$EventMessageWorkflow","id":"8f052ea3-a5d6-4e6f-830c-950e267599f8","ts":"2025-07-13T16:20:19.134-03:00","eventName":"n8n.workflow.failed","message":"n8n.workflow.failed","payload":{"userId":"c4312daa-f4a7-4932-845a-a978be5077bb","executionId":"15","success":false,"isManual":true,"workflowId":"eQaw5BNk0txjzRHH","workflowName":"My workflow","lastNodeExecuted":"Code","errorNodeType":"n8n-nodes-base.code","errorMessage":"Cannot read properties of undefined (reading 'split') [line 2, for item 0]"}}
{"__type":"$$EventMessageConfirm","confirm":"8f052ea3-a5d6-4e6f-830c-950e267599f8","ts":"2025-07-13T16:20:19.134-03:00","source":{"id":"0","name":"eventBus"}}
{"__type":"$$EventMessageWorkflow","id":"bd477bb9-c44f-40e9-b17e-724440cf96c7","ts":"2025-07-13T16:21:23.195-03:00","eventName":"n8n.workflow.started","message":"n8n.workflow.started","payload":{"executionId":"16","workflowId":"eQaw5BNk0txjzRHH","isManual":false,"workflowName":"My workflow"}}
{"__type":"$$EventMessageConfirm","confirm":"bd477bb9-c44f-40e9-b17e-724440cf96c7","ts":"2025-07-13T16:21:23.195-03:00","source":{"id":"0","name":"eventBus"}}
{"__type":"$$EventMessageNode","id":"250cf393-7412-4b63-9a3d-d8050e10f836","ts":"2025-07-13T16:21:23.196-03:00","eventName":"n8n.node.started","message":"n8n.node.started","payload":{"workflowId":"eQaw5BNk0txjzRHH","workflowName":"My workflow","executionId":"16","nodeType":"n8n-nodes-base.manualTrigger","nodeName":"When clicking ‘Execute workflow’","nodeId":"fb55cf8e-ac09-4338-a152-0d135495ee4f"}}
{"__type":"$$EventMessageConfirm","confirm":"250cf393-7412-4b63-9a3d-d8050e10f836","ts":"2025-07-13T16:21:23.196-03:00","source":{"id":"0","name":"eventBus"}}
{"__type":"$$EventMessageNode","id":"8e9d743d-37b8-4432-bd15-ad90e33d67b7","ts":"2025-07-13T16:21:23.198-03:00","eventName":"n8n.node.finished","message":"n8n.node.finished","payload":{"workflowId":"eQaw5BNk0txjzRHH","workflowName":"My workflow","executionId":"16","nodeType":"n8n-nodes-base.manualTrigger","nodeName":"When clicking ‘Execute workflow’","nodeId":"fb55cf8e-ac09-4338-a152-0d135495ee4f"}}
{"__type":"$$EventMessageConfirm","confirm":"8e9d743d-37b8-4432-bd15-ad90e33d67b7","ts":"2025-07-13T16:21:23.198-03:00","source":{"id":"0","name":"eventBus"}}
{"__type":"$$EventMessageNode","id":"969ef305-567f-4151-8ed1-5c8abe58dae4","ts":"2025-07-13T16:21:23.198-03:00","eventName":"n8n.node.started","message":"n8n.node.started","payload":{"workflowId":"eQaw5BNk0txjzRHH","workflowName":"My workflow","executionId":"16","nodeType":"n8n-nodes-base.httpRequest","nodeName":"HTTP Request","nodeId":"8f5d622f-a8f4-44a1-a79a-4228aeb4ce16"}}
{"__type":"$$EventMessageConfirm","confirm":"969ef305-567f-4151-8ed1-5c8abe58dae4","ts":"2025-07-13T16:21:23.198-03:00","source":{"id":"0","name":"eventBus"}}
{"__type":"$$EventMessageNode","id":"2309c38a-bc22-4cb6-8956-e3ed1aad02e4","ts":"2025-07-13T16:21:23.414-03:00","eventName":"n8n.node.finished","message":"n8n.node.finished","payload":{"workflowId":"eQaw5BNk0txjzRHH","workflowName":"My workflow","executionId":"16","nodeType":"n8n-nodes-base.httpRequest","nodeName":"HTTP Request","nodeId":"8f5d622f-a8f4-44a1-a79a-4228aeb4ce16"}}
{"__type":"$$EventMessageConfirm","confirm":"2309c38a-bc22-4cb6-8956-e3ed1aad02e4","ts":"2025-07-13T16:21:23.414-03:00","source":{"id":"0","name":"eventBus"}}
{"__type":"$$EventMessageWorkflow","id":"369e1112-0b4d-428d-a976-e3aa352f8acc","ts":"2025-07-13T16:21:23.415-03:00","eventName":"n8n.workflow.success","message":"n8n.workflow.success","payload":{"userId":"c4312daa-f4a7-4932-845a-a978be5077bb","executionId":"16","success":true,"isManual":true,"workflowId":"eQaw5BNk0txjzRHH","workflowName":"My workflow"}}
{"__type":"$$EventMessageConfirm","confirm":"369e1112-0b4d-428d-a976-e3aa352f8acc","ts":"2025-07-13T16:21:23.415-03:00","source":{"id":"0","name":"eventBus"}}
{"__type":"$$EventMessageWorkflow","id":"6b1063a2-e0d6-4250-b6ec-d1902c3171af","ts":"2025-07-13T16:21:27.414-03:00","eventName":"n8n.workflow.started","message":"n8n.workflow.started","payload":{"executionId":"17","workflowId":"eQaw5BNk0txjzRHH","isManual":false,"workflowName":"My workflow"}}
{"__type":"$$EventMessageConfirm","confirm":"6b1063a2-e0d6-4250-b6ec-d1902c3171af","ts":"2025-07-13T16:21:27.415-03:00","source":{"id":"0","name":"eventBus"}}
{"__type":"$$EventMessageNode","id":"0b24d640-39e1-4441-8f83-cba8e291f660","ts":"2025-07-13T16:21:27.416-03:00","eventName":"n8n.node.started","message":"n8n.node.started","payload":{"workflowId":"eQaw5BNk0txjzRHH","workflowName":"My workflow","executionId":"17","nodeType":"n8n-nodes-base.code","nodeName":"Code","nodeId":"df93f0e4-062e-4395-8ac8-9478861d057a"}}
{"__type":"$$EventMessageConfirm","confirm":"0b24d640-39e1-4441-8f83-cba8e291f660","ts":"2025-07-13T16:21:27.416-03:00","source":{"id":"0","name":"eventBus"}}
{"__type":"$$EventMessageNode","id":"a076aef6-fdb0-4f8e-8eb8-998b8b8dc5f9","ts":"2025-07-13T16:21:27.432-03:00","eventName":"n8n.node.finished","message":"n8n.node.finished","payload":{"workflowId":"eQaw5BNk0txjzRHH","workflowName":"My workflow","executionId":"17","nodeType":"n8n-nodes-base.code","nodeName":"Code","nodeId":"df93f0e4-062e-4395-8ac8-9478861d057a"}}
{"__type":"$$EventMessageConfirm","confirm":"a076aef6-fdb0-4f8e-8eb8-998b8b8dc5f9","ts":"2025-07-13T16:21:27.432-03:00","source":{"id":"0","name":"eventBus"}}
{"__type":"$$EventMessageWorkflow","id":"c82bf95c-2e4b-4408-b2de-c9388d59fbba","ts":"2025-07-13T16:21:27.432-03:00","eventName":"n8n.workflow.failed","message":"n8n.workflow.failed","payload":{"userId":"c4312daa-f4a7-4932-845a-a978be5077bb","executionId":"17","success":false,"isManual":true,"workflowId":"eQaw5BNk0txjzRHH","workflowName":"My workflow","lastNodeExecuted":"Code","errorNodeType":"n8n-nodes-base.code","errorMessage":"Code doesn't return a single object [item 0]"}}
{"__type":"$$EventMessageConfirm","confirm":"c82bf95c-2e4b-4408-b2de-c9388d59fbba","ts":"2025-07-13T16:21:27.433-03:00","source":{"id":"0","name":"eventBus"}}
{"__type":"$$EventMessageWorkflow","id":"3f5928e1-8141-4abb-9152-3d2aefba0c04","ts":"2025-07-13T16:21:33.199-03:00","eventName":"n8n.workflow.started","message":"n8n.workflow.started","payload":{"executionId":"18","workflowId":"eQaw5BNk0txjzRHH","isManual":false,"workflowName":"My workflow"}}
{"__type":"$$EventMessageConfirm","confirm":"3f5928e1-8141-4abb-9152-3d2aefba0c04","ts":"2025-07-13T16:21:33.200-03:00","source":{"id":"0","name":"eventBus"}}
{"__type":"$$EventMessageNode","id":"7556bbb7-0618-49e9-bb2e-744d89904782","ts":"2025-07-13T16:21:33.200-03:00","eventName":"n8n.node.started","message":"n8n.node.started","payload":{"workflowId":"eQaw5BNk0txjzRHH","workflowName":"My workflow","executionId":"18","nodeType":"n8n-nodes-base.code","nodeName":"Code","nodeId":"df93f0e4-062e-4395-8ac8-9478861d057a"}}
{"__type":"$$EventMessageConfirm","confirm":"7556bbb7-0618-49e9-bb2e-744d89904782","ts":"2025-07-13T16:21:33.200-03:00","source":{"id":"0","name":"eventBus"}}
{"__type":"$$EventMessageNode","id":"663dd4fa-3efb-4ada-9b00-315599c1e0ae","ts":"2025-07-13T16:21:33.211-03:00","eventName":"n8n.node.finished","message":"n8n.node.finished","payload":{"workflowId":"eQaw5BNk0txjzRHH","workflowName":"My workflow","executionId":"18","nodeType":"n8n-nodes-base.code","nodeName":"Code","nodeId":"df93f0e4-062e-4395-8ac8-9478861d057a"}}
{"__type":"$$EventMessageConfirm","confirm":"663dd4fa-3efb-4ada-9b00-315599c1e0ae","ts":"2025-07-13T16:21:33.211-03:00","source":{"id":"0","name":"eventBus"}}
{"__type":"$$EventMessageWorkflow","id":"64361f5e-323e-4731-b54c-565eee612f81","ts":"2025-07-13T16:21:33.212-03:00","eventName":"n8n.workflow.success","message":"n8n.workflow.success","payload":{"userId":"c4312daa-f4a7-4932-845a-a978be5077bb","executionId":"18","success":true,"isManual":true,"workflowId":"eQaw5BNk0txjzRHH","workflowName":"My workflow"}}
{"__type":"$$EventMessageConfirm","confirm":"64361f5e-323e-4731-b54c-565eee612f81","ts":"2025-07-13T16:21:33.212-03:00","source":{"id":"0","name":"eventBus"}}
{"__type":"$$EventMessageWorkflow","id":"b087e1b5-420b-4c3e-ada0-ad516fe97774","ts":"2025-07-13T16:24:44.365-03:00","eventName":"n8n.workflow.started","message":"n8n.workflow.started","payload":{"executionId":"19","workflowId":"eQaw5BNk0txjzRHH","isManual":false,"workflowName":"My workflow"}}
{"__type":"$$EventMessageConfirm","confirm":"b087e1b5-420b-4c3e-ada0-ad516fe97774","ts":"2025-07-13T16:24:44.365-03:00","source":{"id":"0","name":"eventBus"}}
{"__type":"$$EventMessageNode","id":"4b4af763-ddfb-4b1c-a96e-162d8c8ecf4f","ts":"2025-07-13T16:24:44.366-03:00","eventName":"n8n.node.started","message":"n8n.node.started","payload":{"workflowId":"eQaw5BNk0txjzRHH","workflowName":"My workflow","executionId":"19","nodeType":"n8n-nodes-base.code","nodeName":"Code1","nodeId":"15eab5b3-3bb4-421a-bd07-c85f4aef94aa"}}
{"__type":"$$EventMessageConfirm","confirm":"4b4af763-ddfb-4b1c-a96e-162d8c8ecf4f","ts":"2025-07-13T16:24:44.366-03:00","source":{"id":"0","name":"eventBus"}}
{"__type":"$$EventMessageNode","id":"cb201dee-42f4-4520-8e20-45796273b53f","ts":"2025-07-13T16:24:46.804-03:00","eventName":"n8n.node.finished","message":"n8n.node.finished","payload":{"workflowId":"eQaw5BNk0txjzRHH","workflowName":"My workflow","executionId":"19","nodeType":"n8n-nodes-base.code","nodeName":"Code1","nodeId":"15eab5b3-3bb4-421a-bd07-c85f4aef94aa"}}
{"__type":"$$EventMessageConfirm","confirm":"cb201dee-42f4-4520-8e20-45796273b53f","ts":"2025-07-13T16:24:46.804-03:00","source":{"id":"0","name":"eventBus"}}
{"__type":"$$EventMessageWorkflow","id":"941ca755-81c9-43c7-9276-73b123148910","ts":"2025-07-13T16:24:46.806-03:00","eventName":"n8n.workflow.success","message":"n8n.workflow.success","payload":{"userId":"c4312daa-f4a7-4932-845a-a978be5077bb","executionId":"19","success":true,"isManual":true,"workflowId":"eQaw5BNk0txjzRHH","workflowName":"My workflow"}}
{"__type":"$$EventMessageConfirm","confirm":"941ca755-81c9-43c7-9276-73b123148910","ts":"2025-07-13T16:24:46.806-03:00","source":{"id":"0","name":"eventBus"}}
{"__type":"$$EventMessageWorkflow","id":"9af6d3d5-cfec-4b62-847f-8b83790de5fe","ts":"2025-07-13T16:29:32.462-03:00","eventName":"n8n.workflow.started","message":"n8n.workflow.started","payload":{"executionId":"20","workflowId":"eQaw5BNk0txjzRHH","isManual":false,"workflowName":"My workflow"}}
{"__type":"$$EventMessageConfirm","confirm":"9af6d3d5-cfec-4b62-847f-8b83790de5fe","ts":"2025-07-13T16:29:32.462-03:00","source":{"id":"0","name":"eventBus"}}
{"__type":"$$EventMessageNode","id":"7b92c7bf-576d-4779-83b1-3088e7d2406b","ts":"2025-07-13T16:29:32.463-03:00","eventName":"n8n.node.started","message":"n8n.node.started","payload":{"workflowId":"eQaw5BNk0txjzRHH","workflowName":"My workflow","executionId":"20","nodeType":"n8n-nodes-base.code","nodeName":"Code","nodeId":"df93f0e4-062e-4395-8ac8-9478861d057a"}}
{"__type":"$$EventMessageConfirm","confirm":"7b92c7bf-576d-4779-83b1-3088e7d2406b","ts":"2025-07-13T16:29:32.463-03:00","source":{"id":"0","name":"eventBus"}}
{"__type":"$$EventMessageNode","id":"de1c1156-3dde-41b9-81f6-d20843fc2075","ts":"2025-07-13T16:29:32.473-03:00","eventName":"n8n.node.finished","message":"n8n.node.finished","payload":{"workflowId":"eQaw5BNk0txjzRHH","workflowName":"My workflow","executionId":"20","nodeType":"n8n-nodes-base.code","nodeName":"Code","nodeId":"df93f0e4-062e-4395-8ac8-9478861d057a"}}
{"__type":"$$EventMessageConfirm","confirm":"de1c1156-3dde-41b9-81f6-d20843fc2075","ts":"2025-07-13T16:29:32.473-03:00","source":{"id":"0","name":"eventBus"}}
{"__type":"$$EventMessageWorkflow","id":"081fe920-c43d-4f64-b9e0-8683f4765baa","ts":"2025-07-13T16:29:32.474-03:00","eventName":"n8n.workflow.success","message":"n8n.workflow.success","payload":{"userId":"c4312daa-f4a7-4932-845a-a978be5077bb","executionId":"20","success":true,"isManual":true,"workflowId":"eQaw5BNk0txjzRHH","workflowName":"My workflow"}}
{"__type":"$$EventMessageConfirm","confirm":"081fe920-c43d-4f64-b9e0-8683f4765baa","ts":"2025-07-13T16:29:32.474-03:00","source":{"id":"0","name":"eventBus"}}
{"__type":"$$EventMessageWorkflow","id":"72755d0f-31b2-4b46-b6fe-dcddb257c35b","ts":"2025-07-13T16:34:40.937-03:00","eventName":"n8n.workflow.started","message":"n8n.workflow.started","payload":{"executionId":"21","workflowId":"eQaw5BNk0txjzRHH","isManual":false,"workflowName":"My workflow"}}
{"__type":"$$EventMessageConfirm","confirm":"72755d0f-31b2-4b46-b6fe-dcddb257c35b","ts":"2025-07-13T16:34:40.938-03:00","source":{"id":"0","name":"eventBus"}}
{"__type":"$$EventMessageNode","id":"0c53b106-d667-46b7-91e2-d00a08934bbf","ts":"2025-07-13T16:34:40.939-03:00","eventName":"n8n.node.started","message":"n8n.node.started","payload":{"workflowId":"eQaw5BNk0txjzRHH","workflowName":"My workflow","executionId":"21","nodeType":"n8n-nodes-base.code","nodeName":"Code","nodeId":"df93f0e4-062e-4395-8ac8-9478861d057a"}}
{"__type":"$$EventMessageConfirm","confirm":"0c53b106-d667-46b7-91e2-d00a08934bbf","ts":"2025-07-13T16:34:40.939-03:00","source":{"id":"0","name":"eventBus"}}
{"__type":"$$EventMessageNode","id":"cf449e0e-042b-4135-9ae1-9c14f425a135","ts":"2025-07-13T16:34:40.950-03:00","eventName":"n8n.node.finished","message":"n8n.node.finished","payload":{"workflowId":"eQaw5BNk0txjzRHH","workflowName":"My workflow","executionId":"21","nodeType":"n8n-nodes-base.code","nodeName":"Code","nodeId":"df93f0e4-062e-4395-8ac8-9478861d057a"}}
{"__type":"$$EventMessageConfirm","confirm":"cf449e0e-042b-4135-9ae1-9c14f425a135","ts":"2025-07-13T16:34:40.951-03:00","source":{"id":"0","name":"eventBus"}}
{"__type":"$$EventMessageWorkflow","id":"04f1ead7-010c-4ee8-9e9a-bf26cb54616b","ts":"2025-07-13T16:34:40.951-03:00","eventName":"n8n.workflow.success","message":"n8n.workflow.success","payload":{"userId":"c4312daa-f4a7-4932-845a-a978be5077bb","executionId":"21","success":true,"isManual":true,"workflowId":"eQaw5BNk0txjzRHH","workflowName":"My workflow"}}
{"__type":"$$EventMessageConfirm","confirm":"04f1ead7-010c-4ee8-9e9a-bf26cb54616b","ts":"2025-07-13T16:34:40.951-03:00","source":{"id":"0","name":"eventBus"}}
{"__type":"$$EventMessageWorkflow","id":"fda15b23-3ece-49b8-acd4-fd7975de5b96","ts":"2025-07-13T16:34:49.174-03:00","eventName":"n8n.workflow.started","message":"n8n.workflow.started","payload":{"executionId":"22","workflowId":"eQaw5BNk0txjzRHH","isManual":false,"workflowName":"My workflow"}}
{"__type":"$$EventMessageConfirm","confirm":"fda15b23-3ece-49b8-acd4-fd7975de5b96","ts":"2025-07-13T16:34:49.174-03:00","source":{"id":"0","name":"eventBus"}}
{"__type":"$$EventMessageNode","id":"2e746c9f-3aef-4593-ba46-26daaf22e7c4","ts":"2025-07-13T16:34:49.175-03:00","eventName":"n8n.node.started","message":"n8n.node.started","payload":{"workflowId":"eQaw5BNk0txjzRHH","workflowName":"My workflow","executionId":"22","nodeType":"n8n-nodes-base.code","nodeName":"Code1","nodeId":"15eab5b3-3bb4-421a-bd07-c85f4aef94aa"}}
{"__type":"$$EventMessageConfirm","confirm":"2e746c9f-3aef-4593-ba46-26daaf22e7c4","ts":"2025-07-13T16:34:49.175-03:00","source":{"id":"0","name":"eventBus"}}
{"__type":"$$EventMessageNode","id":"bfddd6bb-942f-4a64-adb3-a29a3e29e511","ts":"2025-07-13T16:34:49.194-03:00","eventName":"n8n.node.finished","message":"n8n.node.finished","payload":{"workflowId":"eQaw5BNk0txjzRHH","workflowName":"My workflow","executionId":"22","nodeType":"n8n-nodes-base.code","nodeName":"Code1","nodeId":"15eab5b3-3bb4-421a-bd07-c85f4aef94aa"}}
{"__type":"$$EventMessageConfirm","confirm":"bfddd6bb-942f-4a64-adb3-a29a3e29e511","ts":"2025-07-13T16:34:49.194-03:00","source":{"id":"0","name":"eventBus"}}
{"__type":"$$EventMessageWorkflow","id":"59245bc6-8495-4415-ad2a-4d732415d4cb","ts":"2025-07-13T16:34:49.195-03:00","eventName":"n8n.workflow.success","message":"n8n.workflow.success","payload":{"userId":"c4312daa-f4a7-4932-845a-a978be5077bb","executionId":"22","success":true,"isManual":true,"workflowId":"eQaw5BNk0txjzRHH","workflowName":"My workflow"}}
{"__type":"$$EventMessageConfirm","confirm":"59245bc6-8495-4415-ad2a-4d732415d4cb","ts":"2025-07-13T16:34:49.195-03:00","source":{"id":"0","name":"eventBus"}}
{"__type":"$$EventMessageWorkflow","id":"682bf187-ffdf-4ae1-aa77-2a456a189ae8","ts":"2025-07-13T16:44:55.918-03:00","eventName":"n8n.workflow.started","message":"n8n.workflow.started","payload":{"executionId":"23","workflowId":"eQaw5BNk0txjzRHH","isManual":false,"workflowName":"My workflow"}}
{"__type":"$$EventMessageConfirm","confirm":"682bf187-ffdf-4ae1-aa77-2a456a189ae8","ts":"2025-07-13T16:44:55.919-03:00","source":{"id":"0","name":"eventBus"}}
{"__type":"$$EventMessageNode","id":"308d2ba5-c219-4d81-8388-4d27f5551e2f","ts":"2025-07-13T16:44:55.919-03:00","eventName":"n8n.node.started","message":"n8n.node.started","payload":{"workflowId":"eQaw5BNk0txjzRHH","workflowName":"My workflow","executionId":"23","nodeType":"n8n-nodes-base.httpRequest","nodeName":"HTTP Request","nodeId":"8f5d622f-a8f4-44a1-a79a-4228aeb4ce16"}}
{"__type":"$$EventMessageConfirm","confirm":"308d2ba5-c219-4d81-8388-4d27f5551e2f","ts":"2025-07-13T16:44:55.920-03:00","source":{"id":"0","name":"eventBus"}}
{"__type":"$$EventMessageNode","id":"013bcbe3-4602-4fe2-a637-b796036555ad","ts":"2025-07-13T16:44:56.251-03:00","eventName":"n8n.node.finished","message":"n8n.node.finished","payload":{"workflowId":"eQaw5BNk0txjzRHH","workflowName":"My workflow","executionId":"23","nodeType":"n8n-nodes-base.httpRequest","nodeName":"HTTP Request","nodeId":"8f5d622f-a8f4-44a1-a79a-4228aeb4ce16"}}
{"__type":"$$EventMessageConfirm","confirm":"013bcbe3-4602-4fe2-a637-b796036555ad","ts":"2025-07-13T16:44:56.251-03:00","source":{"id":"0","name":"eventBus"}}
{"__type":"$$EventMessageWorkflow","id":"4ddc23d9-3aaf-429f-8774-1421f60cc202","ts":"2025-07-13T16:44:56.251-03:00","eventName":"n8n.workflow.success","message":"n8n.workflow.success","payload":{"userId":"c4312daa-f4a7-4932-845a-a978be5077bb","executionId":"23","success":true,"isManual":true,"workflowId":"eQaw5BNk0txjzRHH","workflowName":"My workflow"}}
{"__type":"$$EventMessageConfirm","confirm":"4ddc23d9-3aaf-429f-8774-1421f60cc202","ts":"2025-07-13T16:44:56.251-03:00","source":{"id":"0","name":"eventBus"}}
{"__type":"$$EventMessageWorkflow","id":"7deeaaeb-9ad2-4cf7-8b4b-249e78d224ae","ts":"2025-07-13T16:46:17.518-03:00","eventName":"n8n.workflow.started","message":"n8n.workflow.started","payload":{"executionId":"24","workflowId":"eQaw5BNk0txjzRHH","isManual":false,"workflowName":"My workflow"}}
{"__type":"$$EventMessageConfirm","confirm":"7deeaaeb-9ad2-4cf7-8b4b-249e78d224ae","ts":"2025-07-13T16:46:17.519-03:00","source":{"id":"0","name":"eventBus"}}
{"__type":"$$EventMessageNode","id":"2cd79f4c-5b27-43ee-bdc4-430a3c6735cb","ts":"2025-07-13T16:46:17.520-03:00","eventName":"n8n.node.started","message":"n8n.node.started","payload":{"workflowId":"eQaw5BNk0txjzRHH","workflowName":"My workflow","executionId":"24","nodeType":"n8n-nodes-base.manualTrigger","nodeName":"When clicking ‘Execute workflow’","nodeId":"fb55cf8e-ac09-4338-a152-0d135495ee4f"}}
{"__type":"$$EventMessageConfirm","confirm":"2cd79f4c-5b27-43ee-bdc4-430a3c6735cb","ts":"2025-07-13T16:46:17.520-03:00","source":{"id":"0","name":"eventBus"}}
{"__type":"$$EventMessageNode","id":"fc8b3c8c-9077-4b99-879b-8cf1bac1da1f","ts":"2025-07-13T16:46:17.522-03:00","eventName":"n8n.node.finished","message":"n8n.node.finished","payload":{"workflowId":"eQaw5BNk0txjzRHH","workflowName":"My workflow","executionId":"24","nodeType":"n8n-nodes-base.manualTrigger","nodeName":"When clicking ‘Execute workflow’","nodeId":"fb55cf8e-ac09-4338-a152-0d135495ee4f"}}
{"__type":"$$EventMessageConfirm","confirm":"fc8b3c8c-9077-4b99-879b-8cf1bac1da1f","ts":"2025-07-13T16:46:17.522-03:00","source":{"id":"0","name":"eventBus"}}
{"__type":"$$EventMessageNode","id":"445ab6d0-ea03-4745-b05d-ea07d0e9be3e","ts":"2025-07-13T16:46:17.522-03:00","eventName":"n8n.node.started","message":"n8n.node.started","payload":{"workflowId":"eQaw5BNk0txjzRHH","workflowName":"My workflow","executionId":"24","nodeType":"n8n-nodes-base.httpRequest","nodeName":"HTTP Request","nodeId":"8f5d622f-a8f4-44a1-a79a-4228aeb4ce16"}}
{"__type":"$$EventMessageConfirm","confirm":"445ab6d0-ea03-4745-b05d-ea07d0e9be3e","ts":"2025-07-13T16:46:17.522-03:00","source":{"id":"0","name":"eventBus"}}
{"__type":"$$EventMessageNode","id":"333a6ad9-0027-4671-ab9c-5ef57bc989a1","ts":"2025-07-13T16:46:17.615-03:00","eventName":"n8n.node.finished","message":"n8n.node.finished","payload":{"workflowId":"eQaw5BNk0txjzRHH","workflowName":"My workflow","executionId":"24","nodeType":"n8n-nodes-base.httpRequest","nodeName":"HTTP Request","nodeId":"8f5d622f-a8f4-44a1-a79a-4228aeb4ce16"}}
{"__type":"$$EventMessageConfirm","confirm":"333a6ad9-0027-4671-ab9c-5ef57bc989a1","ts":"2025-07-13T16:46:17.616-03:00","source":{"id":"0","name":"eventBus"}}
{"__type":"$$EventMessageNode","id":"bc2f32f4-32fa-43fe-a652-fc8986f9a389","ts":"2025-07-13T16:46:17.616-03:00","eventName":"n8n.node.started","message":"n8n.node.started","payload":{"workflowId":"eQaw5BNk0txjzRHH","workflowName":"My workflow","executionId":"24","nodeType":"n8n-nodes-base.code","nodeName":"Code","nodeId":"df93f0e4-062e-4395-8ac8-9478861d057a"}}
{"__type":"$$EventMessageConfirm","confirm":"bc2f32f4-32fa-43fe-a652-fc8986f9a389","ts":"2025-07-13T16:46:17.616-03:00","source":{"id":"0","name":"eventBus"}}
{"__type":"$$EventMessageNode","id":"33ef9641-61e2-43f9-99ac-6968d5ddd503","ts":"2025-07-13T16:46:17.626-03:00","eventName":"n8n.node.finished","message":"n8n.node.finished","payload":{"workflowId":"eQaw5BNk0txjzRHH","workflowName":"My workflow","executionId":"24","nodeType":"n8n-nodes-base.code","nodeName":"Code","nodeId":"df93f0e4-062e-4395-8ac8-9478861d057a"}}
{"__type":"$$EventMessageConfirm","confirm":"33ef9641-61e2-43f9-99ac-6968d5ddd503","ts":"2025-07-13T16:46:17.626-03:00","source":{"id":"0","name":"eventBus"}}
{"__type":"$$EventMessageNode","id":"9b2d195b-b2fd-4105-b881-034802436953","ts":"2025-07-13T16:46:17.630-03:00","eventName":"n8n.node.started","message":"n8n.node.started","payload":{"workflowId":"eQaw5BNk0txjzRHH","workflowName":"My workflow","executionId":"24","nodeType":"n8n-nodes-base.code","nodeName":"Code1","nodeId":"15eab5b3-3bb4-421a-bd07-c85f4aef94aa"}}
{"__type":"$$EventMessageConfirm","confirm":"9b2d195b-b2fd-4105-b881-034802436953","ts":"2025-07-13T16:46:17.630-03:00","source":{"id":"0","name":"eventBus"}}
{"__type":"$$EventMessageNode","id":"66c559bf-8d88-4758-84d4-f475157a447b","ts":"2025-07-13T16:46:17.653-03:00","eventName":"n8n.node.finished","message":"n8n.node.finished","payload":{"workflowId":"eQaw5BNk0txjzRHH","workflowName":"My workflow","executionId":"24","nodeType":"n8n-nodes-base.code","nodeName":"Code1","nodeId":"15eab5b3-3bb4-421a-bd07-c85f4aef94aa"}}
{"__type":"$$EventMessageConfirm","confirm":"66c559bf-8d88-4758-84d4-f475157a447b","ts":"2025-07-13T16:46:17.653-03:00","source":{"id":"0","name":"eventBus"}}
{"__type":"$$EventMessageWorkflow","id":"f203a1dc-4f07-405a-83b8-a5736bbdb825","ts":"2025-07-13T16:46:17.655-03:00","eventName":"n8n.workflow.success","message":"n8n.workflow.success","payload":{"userId":"c4312daa-f4a7-4932-845a-a978be5077bb","executionId":"24","success":true,"isManual":true,"workflowId":"eQaw5BNk0txjzRHH","workflowName":"My workflow"}}
{"__type":"$$EventMessageConfirm","confirm":"f203a1dc-4f07-405a-83b8-a5736bbdb825","ts":"2025-07-13T16:46:17.655-03:00","source":{"id":"0","name":"eventBus"}}
